Using pre-set license
Built from '2020.3/staging' branch; Version is '2020.3.23f1 (c5d91304a876) revision 12966163'; Using compiler version '192528614'; Build Type 'Release'
OS: 'Windows 10 Home; OS build 19044.1586; Version 2009; 64bit' Language: 'fr' Physical Memory: 16203 MB
BatchMode: 1, IsHumanControllingUs: 0, StartBugReporterOnCrash: 0, Is64bit: 1, IsPro: 0

COMMAND LINE ARGUMENTS:
C:\Program Files\Unity\Hub\Editor\2020.3.23f1\Editor\Unity.exe
-adb2
-batchMode
-noUpm
-name
AssetImportWorker0
-projectPath
C:/Users/milbe/projet-s2/Projet TLR
-logFile
Logs/AssetImportWorker0.log
-srvPort
54231
Successfully changed project path to: C:/Users/milbe/projet-s2/Projet TLR
C:/Users/milbe/projet-s2/Projet TLR
Using Asset Import Pipeline V2.
Refreshing native plugins compatible for Editor in 31.83 ms, found 2 plugins.
Preloading 0 native plugins for Editor in 0.00 ms.
Initialize engine version: 2020.3.23f1 (c5d91304a876)
[Subsystems] Discovering subsystems at path C:/Program Files/Unity/Hub/Editor/2020.3.23f1/Editor/Data/Resources/UnitySubsystems
[Subsystems] Discovering subsystems at path C:/Users/milbe/projet-s2/Projet TLR/Assets
GfxDevice: creating device client; threaded=0
Direct3D:
    Version:  Direct3D 11.0 [level 11.1]
    Renderer: NVIDIA GeForce RTX 2060 (ID=0x1f15)
    Vendor:   
    VRAM:     5980 MB
    Driver:   30.0.15.1179
Initialize mono
Mono path[0] = 'C:/Program Files/Unity/Hub/Editor/2020.3.23f1/Editor/Data/Managed'
Mono path[1] = 'C:/Program Files/Unity/Hub/Editor/2020.3.23f1/Editor/Data/MonoBleedingEdge/lib/mono/unityjit'
Mono config path = 'C:/Program Files/Unity/Hub/Editor/2020.3.23f1/Editor/Data/MonoBleedingEdge/etc'
Using monoOptions --debugger-agent=transport=dt_socket,embedding=1,server=y,suspend=n,address=127.0.0.1:56024
Begin MonoManager ReloadAssembly
Registering precompiled unity dll's ...
Register platform support module: C:/Program Files/Unity/Hub/Editor/2020.3.23f1/Editor/Data/PlaybackEngines/WindowsStandaloneSupport/UnityEditor.WindowsStandalone.Extensions.dll
Registered in 0.001611 seconds.
Native extension for WindowsStandalone target not found
Refreshing native plugins compatible for Editor in 32.56 ms, found 2 plugins.
Preloading 0 native plugins for Editor in 0.00 ms.
Mono: successfully reloaded assembly
- Completed reload, in  0.511 seconds
Domain Reload Profiling:
	ReloadAssembly (511ms)
		BeginReloadAssembly (46ms)
			ExecutionOrderSort (0ms)
			DisableScriptedObjects (0ms)
			BackupInstance (0ms)
			ReleaseScriptingObjects (0ms)
			CreateAndSetChildDomain (1ms)
		EndReloadAssembly (404ms)
			LoadAssemblies (44ms)
			RebuildTransferFunctionScriptingTraits (0ms)
			SetupTypeCache (127ms)
			ReleaseScriptCaches (0ms)
			RebuildScriptCaches (36ms)
			SetupLoadedEditorAssemblies (152ms)
				LogAssemblyErrors (0ms)
				InitializePlatformSupportModulesInManaged (5ms)
				SetLoadedEditorAssemblies (0ms)
				RefreshPlugins (33ms)
				BeforeProcessingInitializeOnLoad (16ms)
				ProcessInitializeOnLoadAttributes (73ms)
				ProcessInitializeOnLoadMethodAttributes (25ms)
				AfterProcessingInitializeOnLoad (0ms)
				EditorAssembliesLoaded (0ms)
			ExecutionOrderSort2 (0ms)
			AwakeInstancesAfterBackupRestoration (0ms)
Platform modules already initialized, skipping
Registering precompiled user dll's ...
Registered in 0.003443 seconds.
Begin MonoManager ReloadAssembly
Native extension for WindowsStandalone target not found
Refreshing native plugins compatible for Editor in 0.35 ms, found 2 plugins.
Preloading 0 native plugins for Editor in 0.00 ms.
Mono: successfully reloaded assembly
- Completed reload, in  0.940 seconds
Domain Reload Profiling:
	ReloadAssembly (941ms)
		BeginReloadAssembly (124ms)
			ExecutionOrderSort (0ms)
			DisableScriptedObjects (4ms)
			BackupInstance (0ms)
			ReleaseScriptingObjects (0ms)
			CreateAndSetChildDomain (15ms)
		EndReloadAssembly (765ms)
			LoadAssemblies (71ms)
			RebuildTransferFunctionScriptingTraits (0ms)
			SetupTypeCache (239ms)
			ReleaseScriptCaches (0ms)
			RebuildScriptCaches (51ms)
			SetupLoadedEditorAssemblies (287ms)
				LogAssemblyErrors (0ms)
				InitializePlatformSupportModulesInManaged (4ms)
				SetLoadedEditorAssemblies (0ms)
				RefreshPlugins (0ms)
				BeforeProcessingInitializeOnLoad (75ms)
				ProcessInitializeOnLoadAttributes (194ms)
				ProcessInitializeOnLoadMethodAttributes (8ms)
				AfterProcessingInitializeOnLoad (5ms)
				EditorAssembliesLoaded (0ms)
			ExecutionOrderSort2 (0ms)
			AwakeInstancesAfterBackupRestoration (5ms)
Platform modules already initialized, skipping
========================================================================
Worker process is ready to serve import requests
Launched and connected shader compiler UnityShaderCompiler.exe after 0.06 seconds
Refreshing native plugins compatible for Editor in 0.34 ms, found 2 plugins.
Preloading 0 native plugins for Editor in 0.00 ms.
Unloading 1782 Unused Serialized files (Serialized files now loaded: 0)
System memory in use before: 83.4 MB.
System memory in use after: 83.4 MB.

Unloading 20 unused Assets to reduce memory usage. Loaded Objects now: 2215.
Total: 2.391000 ms (FindLiveObjects: 0.177600 ms CreateObjectMapping: 0.067300 ms MarkObjects: 2.095900 ms  DeleteObjects: 0.049300 ms)

AssetImportParameters requested are different than current active one (requested -> active):
  custom:framework-win-MediaFoundation: 216162199b28c13a410421893ffa2e32 -> 
  custom:video-decoder-ogg-theora: a1e56fd34408186e4bbccfd4996cb3dc -> 
  custom:container-muxer-webm: aa71ff27fc2769a1b78a27578f13a17b -> 
  custom:container-demuxer-webm: 4f35f7cbe854078d1ac9338744f61a02 -> 
  custom:container-demuxer-ogg: 62fdf1f143b41e24485cea50d1cbac27 -> 
  custom:video-encoder-webm-vp8: eb34c28f22e8b96e1ab97ce403110664 -> 
  custom:video-decoder-webm-vp8: 9c59270c3fd7afecdb556c50c9e8de78 -> 
  custom:audio-decoder-ogg-vorbis: bf7c407c2cedff20999df2af8eb42d56 -> 
  custom:audio-encoder-webm-vorbis: bf7c407c2cedff20999df2af8eb42d56 -> 
========================================================================
Received Import Request.
  path: Assets/Jeu/Linterna.3ds
  artifactKey: Guid(26d63771468bd0145b53fa9b06778119) Importer(815301076,1909f56bfc062723c751e8b465ee728b)
Start importing Assets/Jeu/Linterna.3ds using Guid(26d63771468bd0145b53fa9b06778119) Importer(815301076,1909f56bfc062723c751e8b465ee728b)  -> (artifact id: 'b5371d44539f47715e5f5103837ad216') in 0.298403 seconds 
  Import took 0.300895 seconds .

========================================================================
Received Import Request.
  Time since last request: 0.000195 seconds.
  path: Assets/Jeu/Linterna.obj
  artifactKey: Guid(c0aba922cefca0246bfda0b5ce2f689b) Importer(815301076,1909f56bfc062723c751e8b465ee728b)
Start importing Assets/Jeu/Linterna.obj using Guid(c0aba922cefca0246bfda0b5ce2f689b) Importer(815301076,1909f56bfc062723c751e8b465ee728b)  -> (artifact id: '5230c57ae02a3ff4ea09a465aa4a4a9a') in 0.050431 seconds 
  Import took 0.052821 seconds .

========================================================================
Received Import Request.
  Time since last request: 0.000149 seconds.
  path: Assets/Jeu
  artifactKey: Guid(5775d93157d0d8647bfab7f9a6eab66f) Importer(815301076,1909f56bfc062723c751e8b465ee728b)
Start importing Assets/Jeu using Guid(5775d93157d0d8647bfab7f9a6eab66f) Importer(815301076,1909f56bfc062723c751e8b465ee728b)  -> (artifact id: '0cd895d58ed30f7016aeac9116fce21d') in 0.004229 seconds 
  Import took 0.006708 seconds .

========================================================================
Received Import Request.
  Time since last request: 0.000137 seconds.
  path: Assets/Jeu/export202201131552193950.png
  artifactKey: Guid(e4e532ff60c604448b3af6dcf8bb32aa) Importer(815301076,1909f56bfc062723c751e8b465ee728b)
Start importing Assets/Jeu/export202201131552193950.png using Guid(e4e532ff60c604448b3af6dcf8bb32aa) Importer(815301076,1909f56bfc062723c751e8b465ee728b)  -> (artifact id: 'bc9165582f29b498600f0739509c96e0') in 0.027780 seconds 
  Import took 0.030427 seconds .

========================================================================
Received Import Request.
  Time since last request: 0.000137 seconds.
  path: Assets/Jeu/FlashlightTexture.jpg
  artifactKey: Guid(8de112c7c3f586943ad777f71072a695) Importer(815301076,1909f56bfc062723c751e8b465ee728b)
Start importing Assets/Jeu/FlashlightTexture.jpg using Guid(8de112c7c3f586943ad777f71072a695) Importer(815301076,1909f56bfc062723c751e8b465ee728b)  -> (artifact id: 'c870906d1acd3b3d44169f01a1d4b9f3') in 0.010035 seconds 
  Import took 0.012694 seconds .

========================================================================
Received Import Request.
  Time since last request: 0.000159 seconds.
  path: Assets/Jeu/FlashlightTexture_NORMAL.jpg
  artifactKey: Guid(c6ce41f73989b7043b682a7ea6cf8197) Importer(815301076,1909f56bfc062723c751e8b465ee728b)
Start importing Assets/Jeu/FlashlightTexture_NORMAL.jpg using Guid(c6ce41f73989b7043b682a7ea6cf8197) Importer(815301076,1909f56bfc062723c751e8b465ee728b)  -> (artifact id: '129d233dc634b3ccb42f18c4b829e057') in 0.009539 seconds 
  Import took 0.012123 seconds .

========================================================================
Received Import Request.
  Time since last request: 0.000151 seconds.
  path: Assets/Jeu/Linterna.fbx
  artifactKey: Guid(3ae0120662f1dd54bbfbfd90fb673d05) Importer(815301076,1909f56bfc062723c751e8b465ee728b)
Start importing Assets/Jeu/Linterna.fbx using Guid(3ae0120662f1dd54bbfbfd90fb673d05) Importer(815301076,1909f56bfc062723c751e8b465ee728b)  -> (artifact id: '20a16fec39b6cfdc6091b8bf03f7069a') in 0.026406 seconds 
  Import took 0.029519 seconds .

========================================================================
Received Import Request.
  Time since last request: 0.000151 seconds.
  path: Assets/Jeu/the_last_round_maison_PROTOTYPE_SANS_MEUBLE_V4.dae
  artifactKey: Guid(c9bdcb06eb66904429cc3c8f6d89d74a) Importer(815301076,1909f56bfc062723c751e8b465ee728b)
Start importing Assets/Jeu/the_last_round_maison_PROTOTYPE_SANS_MEUBLE_V4.dae using Guid(c9bdcb06eb66904429cc3c8f6d89d74a) Importer(815301076,1909f56bfc062723c751e8b465ee728b)  -> (artifact id: 'b176633a6837e56df47db8fdc3ff8d9a') in 0.211969 seconds 
  Import took 0.214859 seconds .

========================================================================
Received Import Request.
  Time since last request: 0.000131 seconds.
  path: Assets/Jeu/FlashlightTexture_SPECULAR.jpg
  artifactKey: Guid(bfc1e086d25842b4884f8ef6f6e1bbd1) Importer(815301076,1909f56bfc062723c751e8b465ee728b)
Start importing Assets/Jeu/FlashlightTexture_SPECULAR.jpg using Guid(bfc1e086d25842b4884f8ef6f6e1bbd1) Importer(815301076,1909f56bfc062723c751e8b465ee728b)  -> (artifact id: '84f7c5b81ec2d95007e05c379835abc1') in 0.009182 seconds 
  Import took 0.011647 seconds .

========================================================================
Received Import Request.
  Time since last request: 2.732741 seconds.
  path: Assets/Jeu/SampleScene
  artifactKey: Guid(f458adf022fb7d14582c691657d990b5) Importer(815301076,1909f56bfc062723c751e8b465ee728b)
Start importing Assets/Jeu/SampleScene using Guid(f458adf022fb7d14582c691657d990b5) Importer(815301076,1909f56bfc062723c751e8b465ee728b)  -> (artifact id: 'efac89a330418f1bb581947726eb4694') in 0.005384 seconds 
  Import took 0.008279 seconds .

========================================================================
Received Import Request.
  Time since last request: 0.328939 seconds.
  path: Assets/Jeu/SampleScene/NavMesh.asset
  artifactKey: Guid(c5f3f7e008e68804588a12bdbbf080b3) Importer(815301076,1909f56bfc062723c751e8b465ee728b)
Start importing Assets/Jeu/SampleScene/NavMesh.asset using Guid(c5f3f7e008e68804588a12bdbbf080b3) Importer(815301076,1909f56bfc062723c751e8b465ee728b)  -> (artifact id: '7fa5c6764703f5d82a691eec69654f68') in 0.006682 seconds 
  Import took 0.009678 seconds .

========================================================================
Received Import Request.
  Time since last request: 12.960419 seconds.
  path: Assets/Menu
  artifactKey: Guid(8158f6867fc3bf241b856aec51f5e40f) Importer(815301076,1909f56bfc062723c751e8b465ee728b)
Start importing Assets/Menu using Guid(8158f6867fc3bf241b856aec51f5e40f) Importer(815301076,1909f56bfc062723c751e8b465ee728b)  -> (artifact id: 'eae1fe9da1c5ba60dbf8d84a8c9a69d5') in 0.006614 seconds 
  Import took 0.009564 seconds .

========================================================================
Received Import Request.
  Time since last request: 1.710570 seconds.
  path: Assets/New Folder
  artifactKey: Guid(0ee623be19d0f694388a5fd979463a43) Importer(815301076,1909f56bfc062723c751e8b465ee728b)
Start importing Assets/New Folder using Guid(0ee623be19d0f694388a5fd979463a43) Importer(815301076,1909f56bfc062723c751e8b465ee728b)  -> (artifact id: 'f50c4a44d080b5f3422686e7631a4464') in 0.004802 seconds 
  Import took 0.008155 seconds .

========================================================================
Received Import Request.
  Time since last request: 0.059050 seconds.
  path: Assets/New Folder/CinemachineBlenderSettings.asset
  artifactKey: Guid(689cad42cb4577746808669fa6404000) Importer(815301076,1909f56bfc062723c751e8b465ee728b)
Start importing Assets/New Folder/CinemachineBlenderSettings.asset using Guid(689cad42cb4577746808669fa6404000) Importer(815301076,1909f56bfc062723c751e8b465ee728b)  -> (artifact id: 'd0033a89c21df411a99565bc27f27da1') in 0.005780 seconds 
  Import took 0.008420 seconds .

========================================================================
Received Import Request.
  Time since last request: 0.000120 seconds.
  path: Assets/New Folder/logogroup.png
  artifactKey: Guid(71d320ec962dcc44984a04b8029ae75a) Importer(815301076,1909f56bfc062723c751e8b465ee728b)
Start importing Assets/New Folder/logogroup.png using Guid(71d320ec962dcc44984a04b8029ae75a) Importer(815301076,1909f56bfc062723c751e8b465ee728b)  -> (artifact id: '1bb75231744cc502612d9ac72b6e692f') in 0.009533 seconds 
  Import took 0.011977 seconds .

========================================================================
Received Import Request.
  Time since last request: 0.000144 seconds.
  path: Assets/New Folder/fire.mat
  artifactKey: Guid(1239f9b3a7d1ea549a342e75fc328d6c) Importer(815301076,1909f56bfc062723c751e8b465ee728b)
Start importing Assets/New Folder/fire.mat using Guid(1239f9b3a7d1ea549a342e75fc328d6c) Importer(815301076,1909f56bfc062723c751e8b465ee728b)  -> (artifact id: 'e8b68316193aa3108a82d7325f47ebd7') in 0.038336 seconds 
  Import took 0.040798 seconds .

========================================================================
Received Import Request.
  Time since last request: 0.000146 seconds.
  path: Assets/New Folder/red-fire-texture-5.jpg
  artifactKey: Guid(90b76c3121aba984094454be670f84b5) Importer(815301076,1909f56bfc062723c751e8b465ee728b)
Start importing Assets/New Folder/red-fire-texture-5.jpg using Guid(90b76c3121aba984094454be670f84b5) Importer(815301076,1909f56bfc062723c751e8b465ee728b)  -> (artifact id: '46eae7661e3b359c1bc9b559901ab989') in 0.010389 seconds 
  Import took 0.012905 seconds .

========================================================================
Received Import Request.
  Time since last request: 0.000177 seconds.
  path: Assets/New Folder/New Terrain.asset
  artifactKey: Guid(12b45f304147a2547b75a89bc53e9293) Importer(815301076,1909f56bfc062723c751e8b465ee728b)
Start importing Assets/New Folder/New Terrain.asset using Guid(12b45f304147a2547b75a89bc53e9293) Importer(815301076,1909f56bfc062723c751e8b465ee728b) The tree fir couldn't be instanced because the prefab contains no valid mesh renderer.
 -> (artifact id: '51737de8525ea3c96ebeb08c2a53feaa') in 0.170027 seconds 
  Import took 0.173971 seconds .

========================================================================
Received Import Request.
  Time since last request: 0.000220 seconds.
  path: Assets/New Folder/logoJeux 1.png
  artifactKey: Guid(a781f6a2ec1d3134ca0aa99e5af883bb) Importer(815301076,1909f56bfc062723c751e8b465ee728b)
Start importing Assets/New Folder/logoJeux 1.png using Guid(a781f6a2ec1d3134ca0aa99e5af883bb) Importer(815301076,1909f56bfc062723c751e8b465ee728b)  -> (artifact id: 'b9607fa30b33df15ba810a3c88e2194c') in 0.010188 seconds 
  Import took 0.012825 seconds .

========================================================================
Received Import Request.
  Time since last request: 0.000315 seconds.
  path: Assets/New Folder/musictempo.mp3
  artifactKey: Guid(ad6cbd220c0a10d4cbf635dc6cd1a6cc) Importer(815301076,1909f56bfc062723c751e8b465ee728b)
Start importing Assets/New Folder/musictempo.mp3 using Guid(ad6cbd220c0a10d4cbf635dc6cd1a6cc) Importer(815301076,1909f56bfc062723c751e8b465ee728b)  -> (artifact id: '95ccfb0c74a5fb340393b4bc375ad536') in 0.019089 seconds 
  Import took 0.021840 seconds .

========================================================================
Received Import Request.
  Time since last request: 0.000260 seconds.
  path: Assets/New Folder/ParticleSystem_Additive_Emission.mat
  artifactKey: Guid(d1a4a4eed5b514175b10a10ea1c19add) Importer(815301076,1909f56bfc062723c751e8b465ee728b)
Start importing Assets/New Folder/ParticleSystem_Additive_Emission.mat using Guid(d1a4a4eed5b514175b10a10ea1c19add) Importer(815301076,1909f56bfc062723c751e8b465ee728b)  -> (artifact id: '3d0fe2d57b5a5c0cd6bca1288006d3fc') in 0.012542 seconds 
  Import took 0.015826 seconds .

========================================================================
Received Import Request.
  Time since last request: 3.288142 seconds.
  path: Assets/New Folder/Scenes
  artifactKey: Guid(2441817f6667ab54cbb1d6563ad50486) Importer(815301076,1909f56bfc062723c751e8b465ee728b)
Start importing Assets/New Folder/Scenes using Guid(2441817f6667ab54cbb1d6563ad50486) Importer(815301076,1909f56bfc062723c751e8b465ee728b)  -> (artifact id: 'f01099ca7c858ae4c5ed950a05bfadd0') in 0.005595 seconds 
  Import took 0.008569 seconds .

========================================================================
Received Import Request.
  Time since last request: 0.044245 seconds.
  path: Assets/New Folder/Scenes/NewBrush.brush
  artifactKey: Guid(da73322243726cf4c80398662ed3800d) Importer(815301076,1909f56bfc062723c751e8b465ee728b)
Start importing Assets/New Folder/Scenes/NewBrush.brush using Guid(da73322243726cf4c80398662ed3800d) Importer(815301076,1909f56bfc062723c751e8b465ee728b)  -> (artifact id: '38e90f6e36ea27f95c7d154cb550cd99') in 0.016265 seconds 
  Import took 0.018713 seconds .

========================================================================
Received Import Request.
  Time since last request: 0.000145 seconds.
  path: Assets/New Folder/Scenes/SampleScene.scenetemplate
  artifactKey: Guid(900de86f3f41e8a489519aff45ed0401) Importer(815301076,1909f56bfc062723c751e8b465ee728b)
Start importing Assets/New Folder/Scenes/SampleScene.scenetemplate using Guid(900de86f3f41e8a489519aff45ed0401) Importer(815301076,1909f56bfc062723c751e8b465ee728b) The tree fir couldn't be instanced because the prefab contains no valid mesh renderer.
 -> (artifact id: '27a2494f9c555b9742e6896ce7b5a625') in 0.169649 seconds 
  Import took 0.177441 seconds .

========================================================================
Received Import Request.
  Time since last request: 0.000225 seconds.
  path: Assets/New Folder/Scenes/NewLayer.terrainlayer
  artifactKey: Guid(2b3a60b111158204fbd70146e6789891) Importer(815301076,1909f56bfc062723c751e8b465ee728b)
Start importing Assets/New Folder/Scenes/NewLayer.terrainlayer using Guid(2b3a60b111158204fbd70146e6789891) Importer(815301076,1909f56bfc062723c751e8b465ee728b)  -> (artifact id: '2bbb602ec4b44832c43e8c956755bf49') in 0.018725 seconds 
  Import took 0.021195 seconds .

========================================================================
Received Prepare
Registering precompiled user dll's ...
Registered in 0.003243 seconds.
Begin MonoManager ReloadAssembly
Native extension for WindowsStandalone target not found
Refreshing native plugins compatible for Editor in 0.46 ms, found 2 plugins.
Preloading 0 native plugins for Editor in 0.00 ms.
Mono: successfully reloaded assembly
- Completed reload, in  0.899 seconds
Domain Reload Profiling:
	ReloadAssembly (900ms)
		BeginReloadAssembly (110ms)
			ExecutionOrderSort (0ms)
			DisableScriptedObjects (4ms)
			BackupInstance (0ms)
			ReleaseScriptingObjects (0ms)
			CreateAndSetChildDomain (31ms)
		EndReloadAssembly (734ms)
			LoadAssemblies (75ms)
			RebuildTransferFunctionScriptingTraits (0ms)
			SetupTypeCache (253ms)
			ReleaseScriptCaches (1ms)
			RebuildScriptCaches (43ms)
			SetupLoadedEditorAssemblies (275ms)
				LogAssemblyErrors (0ms)
				InitializePlatformSupportModulesInManaged (4ms)
				SetLoadedEditorAssemblies (0ms)
				RefreshPlugins (1ms)
				BeforeProcessingInitializeOnLoad (69ms)
				ProcessInitializeOnLoadAttributes (187ms)
				ProcessInitializeOnLoadMethodAttributes (8ms)
				AfterProcessingInitializeOnLoad (6ms)
				EditorAssembliesLoaded (0ms)
			ExecutionOrderSort2 (0ms)
			AwakeInstancesAfterBackupRestoration (6ms)
Platform modules already initialized, skipping
Refreshing native plugins compatible for Editor in 0.37 ms, found 2 plugins.
Preloading 0 native plugins for Editor in 0.00 ms.
Unloading 1741 Unused Serialized files (Serialized files now loaded: 0)
System memory in use before: 85.8 MB.
System memory in use after: 85.2 MB.

Unloading 20 unused Assets to reduce memory usage. Loaded Objects now: 2282.
Total: 2.646000 ms (FindLiveObjects: 0.173300 ms CreateObjectMapping: 0.062900 ms MarkObjects: 2.061700 ms  DeleteObjects: 0.347200 ms)

AssetImportParameters requested are different than current active one (requested -> active):
  custom:framework-win-MediaFoundation: 216162199b28c13a410421893ffa2e32 -> 
  custom:video-decoder-ogg-theora: a1e56fd34408186e4bbccfd4996cb3dc -> 
  custom:container-muxer-webm: aa71ff27fc2769a1b78a27578f13a17b -> 
  custom:container-demuxer-webm: 4f35f7cbe854078d1ac9338744f61a02 -> 
  custom:container-demuxer-ogg: 62fdf1f143b41e24485cea50d1cbac27 -> 
  custom:video-encoder-webm-vp8: eb34c28f22e8b96e1ab97ce403110664 -> 
  custom:video-decoder-webm-vp8: 9c59270c3fd7afecdb556c50c9e8de78 -> 
  custom:audio-decoder-ogg-vorbis: bf7c407c2cedff20999df2af8eb42d56 -> 
  custom:audio-encoder-webm-vorbis: bf7c407c2cedff20999df2af8eb42d56 -> 
========================================================================
Received Prepare
Registering precompiled user dll's ...
Registered in 0.007052 seconds.
Begin MonoManager ReloadAssembly
Native extension for WindowsStandalone target not found
Refreshing native plugins compatible for Editor in 0.40 ms, found 2 plugins.
Preloading 0 native plugins for Editor in 0.00 ms.
Mono: successfully reloaded assembly
- Completed reload, in  1.016 seconds
Domain Reload Profiling:
	ReloadAssembly (1017ms)
		BeginReloadAssembly (97ms)
			ExecutionOrderSort (0ms)
			DisableScriptedObjects (5ms)
			BackupInstance (0ms)
			ReleaseScriptingObjects (0ms)
			CreateAndSetChildDomain (27ms)
		EndReloadAssembly (861ms)
			LoadAssemblies (78ms)
			RebuildTransferFunctionScriptingTraits (0ms)
			SetupTypeCache (286ms)
			ReleaseScriptCaches (1ms)
			RebuildScriptCaches (46ms)
			SetupLoadedEditorAssemblies (336ms)
				LogAssemblyErrors (0ms)
				InitializePlatformSupportModulesInManaged (5ms)
				SetLoadedEditorAssemblies (1ms)
				RefreshPlugins (0ms)
				BeforeProcessingInitializeOnLoad (81ms)
				ProcessInitializeOnLoadAttributes (231ms)
				ProcessInitializeOnLoadMethodAttributes (10ms)
				AfterProcessingInitializeOnLoad (7ms)
				EditorAssembliesLoaded (0ms)
			ExecutionOrderSort2 (0ms)
			AwakeInstancesAfterBackupRestoration (10ms)
Platform modules already initialized, skipping
Refreshing native plugins compatible for Editor in 0.41 ms, found 2 plugins.
Preloading 0 native plugins for Editor in 0.00 ms.
Unloading 1741 Unused Serialized files (Serialized files now loaded: 0)
System memory in use before: 85.1 MB.
System memory in use after: 85.2 MB.

Unloading 15 unused Assets to reduce memory usage. Loaded Objects now: 2284.
Total: 2.752800 ms (FindLiveObjects: 0.173800 ms CreateObjectMapping: 0.069500 ms MarkObjects: 2.493500 ms  DeleteObjects: 0.015000 ms)

AssetImportParameters requested are different than current active one (requested -> active):
  custom:framework-win-MediaFoundation: 216162199b28c13a410421893ffa2e32 -> 
  custom:video-decoder-ogg-theora: a1e56fd34408186e4bbccfd4996cb3dc -> 
  custom:container-muxer-webm: aa71ff27fc2769a1b78a27578f13a17b -> 
  custom:container-demuxer-webm: 4f35f7cbe854078d1ac9338744f61a02 -> 
  custom:container-demuxer-ogg: 62fdf1f143b41e24485cea50d1cbac27 -> 
  custom:video-encoder-webm-vp8: eb34c28f22e8b96e1ab97ce403110664 -> 
  custom:video-decoder-webm-vp8: 9c59270c3fd7afecdb556c50c9e8de78 -> 
  custom:audio-decoder-ogg-vorbis: bf7c407c2cedff20999df2af8eb42d56 -> 
  custom:audio-encoder-webm-vorbis: bf7c407c2cedff20999df2af8eb42d56 -> 
========================================================================
Received Prepare
Registering precompiled user dll's ...
Registered in 0.004927 seconds.
Begin MonoManager ReloadAssembly
Native extension for WindowsStandalone target not found
Refreshing native plugins compatible for Editor in 0.42 ms, found 2 plugins.
Preloading 0 native plugins for Editor in 0.00 ms.
Mono: successfully reloaded assembly
- Completed reload, in  1.064 seconds
Domain Reload Profiling:
	ReloadAssembly (1064ms)
		BeginReloadAssembly (97ms)
			ExecutionOrderSort (0ms)
			DisableScriptedObjects (4ms)
			BackupInstance (0ms)
			ReleaseScriptingObjects (0ms)
			CreateAndSetChildDomain (26ms)
		EndReloadAssembly (903ms)
			LoadAssemblies (84ms)
			RebuildTransferFunctionScriptingTraits (0ms)
			SetupTypeCache (310ms)
			ReleaseScriptCaches (1ms)
			RebuildScriptCaches (52ms)
			SetupLoadedEditorAssemblies (351ms)
				LogAssemblyErrors (0ms)
				InitializePlatformSupportModulesInManaged (5ms)
				SetLoadedEditorAssemblies (1ms)
				RefreshPlugins (0ms)
				BeforeProcessingInitializeOnLoad (88ms)
				ProcessInitializeOnLoadAttributes (237ms)
				ProcessInitializeOnLoadMethodAttributes (11ms)
				AfterProcessingInitializeOnLoad (8ms)
				EditorAssembliesLoaded (0ms)
			ExecutionOrderSort2 (0ms)
			AwakeInstancesAfterBackupRestoration (8ms)
Platform modules already initialized, skipping
Refreshing native plugins compatible for Editor in 0.43 ms, found 2 plugins.
Preloading 0 native plugins for Editor in 0.00 ms.
Unloading 1741 Unused Serialized files (Serialized files now loaded: 0)
System memory in use before: 85.1 MB.
System memory in use after: 85.3 MB.

Unloading 15 unused Assets to reduce memory usage. Loaded Objects now: 2286.
Total: 2.997900 ms (FindLiveObjects: 0.202300 ms CreateObjectMapping: 0.081900 ms MarkObjects: 2.694900 ms  DeleteObjects: 0.017800 ms)

AssetImportParameters requested are different than current active one (requested -> active):
  custom:framework-win-MediaFoundation: 216162199b28c13a410421893ffa2e32 -> 
  custom:video-decoder-ogg-theora: a1e56fd34408186e4bbccfd4996cb3dc -> 
  custom:container-muxer-webm: aa71ff27fc2769a1b78a27578f13a17b -> 
  custom:container-demuxer-webm: 4f35f7cbe854078d1ac9338744f61a02 -> 
  custom:container-demuxer-ogg: 62fdf1f143b41e24485cea50d1cbac27 -> 
  custom:video-encoder-webm-vp8: eb34c28f22e8b96e1ab97ce403110664 -> 
  custom:video-decoder-webm-vp8: 9c59270c3fd7afecdb556c50c9e8de78 -> 
  custom:audio-decoder-ogg-vorbis: bf7c407c2cedff20999df2af8eb42d56 -> 
  custom:audio-encoder-webm-vorbis: bf7c407c2cedff20999df2af8eb42d56 -> 
========================================================================
Received Prepare
Registering precompiled user dll's ...
Registered in 0.005877 seconds.
Begin MonoManager ReloadAssembly
Native extension for WindowsStandalone target not found
Refreshing native plugins compatible for Editor in 1.07 ms, found 2 plugins.
Preloading 0 native plugins for Editor in 0.00 ms.
Mono: successfully reloaded assembly
- Completed reload, in  1.375 seconds
Domain Reload Profiling:
	ReloadAssembly (1376ms)
		BeginReloadAssembly (145ms)
			ExecutionOrderSort (0ms)
			DisableScriptedObjects (7ms)
			BackupInstance (0ms)
			ReleaseScriptingObjects (0ms)
			CreateAndSetChildDomain (41ms)
		EndReloadAssembly (1143ms)
			LoadAssemblies (115ms)
			RebuildTransferFunctionScriptingTraits (0ms)
			SetupTypeCache (393ms)
			ReleaseScriptCaches (1ms)
			RebuildScriptCaches (66ms)
			SetupLoadedEditorAssemblies (434ms)
				LogAssemblyErrors (0ms)
				InitializePlatformSupportModulesInManaged (7ms)
				SetLoadedEditorAssemblies (1ms)
				RefreshPlugins (1ms)
				BeforeProcessingInitializeOnLoad (107ms)
				ProcessInitializeOnLoadAttributes (296ms)
				ProcessInitializeOnLoadMethodAttributes (13ms)
				AfterProcessingInitializeOnLoad (9ms)
				EditorAssembliesLoaded (1ms)
			ExecutionOrderSort2 (0ms)
			AwakeInstancesAfterBackupRestoration (10ms)
Platform modules already initialized, skipping
Refreshing native plugins compatible for Editor in 1.25 ms, found 2 plugins.
Preloading 0 native plugins for Editor in 0.00 ms.
Unloading 1741 Unused Serialized files (Serialized files now loaded: 0)
System memory in use before: 85.2 MB.
System memory in use after: 85.3 MB.

Unloading 15 unused Assets to reduce memory usage. Loaded Objects now: 2288.
Total: 6.037000 ms (FindLiveObjects: 0.386900 ms CreateObjectMapping: 0.267300 ms MarkObjects: 5.335900 ms  DeleteObjects: 0.043700 ms)

AssetImportParameters requested are different than current active one (requested -> active):
  custom:framework-win-MediaFoundation: 216162199b28c13a410421893ffa2e32 -> 
  custom:video-decoder-ogg-theora: a1e56fd34408186e4bbccfd4996cb3dc -> 
  custom:container-muxer-webm: aa71ff27fc2769a1b78a27578f13a17b -> 
  custom:container-demuxer-webm: 4f35f7cbe854078d1ac9338744f61a02 -> 
  custom:container-demuxer-ogg: 62fdf1f143b41e24485cea50d1cbac27 -> 
  custom:video-encoder-webm-vp8: eb34c28f22e8b96e1ab97ce403110664 -> 
  custom:video-decoder-webm-vp8: 9c59270c3fd7afecdb556c50c9e8de78 -> 
  custom:audio-decoder-ogg-vorbis: bf7c407c2cedff20999df2af8eb42d56 -> 
  custom:audio-encoder-webm-vorbis: bf7c407c2cedff20999df2af8eb42d56 -> 
AssetImportWorkerClient::OnTransportError - code=2 error=End of file
